build/outputs/logs/manifest-merger-debug-report.txt
-- Merging decision tree log ---
manifest
ADDED from scms\scm1\AndroidManifest.xml:1:1-36:12
	package
		ADDED from scms\scm1\AndroidManifest.xml:2:5-29
	android:versionName
		ADDED from scms\scm1\AndroidManifest.xml:4:5-30
		INJECTED from scms\scm1\AndroidManifest.xml
		INJECTED from scms\scm1\AndroidManifest.xml
	android:versionCode
		ADDED from scms\scm1\AndroidManifest.xml:3:5-28
		INJECTED from scms\scm1\AndroidManifest.xml
		INJECTED from scms\scm1\AndroidManifest.xml
	xmlns:android
		ADDED from scms\scm1\AndroidManifest.xml:1:11-69
uses-sdk
ADDED from scms\scm1\AndroidManifest.xml:6:5-8:41
MERGED from [com.android.support:appcompat-v7:25.1.0] AndroidManifest.xml:21:5-23:78
MERGED from [com.android.support:animated-vector-drawable:25.1.0] AndroidManifest.xml:20:5-44
MERGED from [com.android.support:support-vector-drawable:25.1.0] AndroidManifest.xml:21:5-43
MERGED from [com.android.support:support-v4:25.1.0] AndroidManifest.xml:21:5-23:54
MERGED from [com.android.support:support-fragment:25.1.0] AndroidManifest.xml:21:5-23:60
MERGED from [com.android.support:support-media-compat:25.1.0] AndroidManifest.xml:21:5-23:63
MERGED from [com.android.support:support-core-ui:25.1.0] AndroidManifest.xml:21:5-23:58
MERGED from [com.android.support:support-core-utils:25.1.0] AndroidManifest.xml:21:5-23:61
MERGED from [com.android.support:support-compat:25.1.0] AndroidManifest.xml:21:5-23:58
	tools:overrideLibrary
		ADDED from [com.android.support:appcompat-v7:25.1.0] AndroidManifest.xml:23:9-75
	android:targetSdkVersion
		ADDED from scms\scm1\AndroidManifest.xml:8:9-38
	android:minSdkVersion
		ADDED from scms\scm1\AndroidManifest.xml:7:9-35
uses-permission#android.permission.CALL_PHONE
ADDED from scms\scm1\AndroidManifest.xml:10:5-69
	android:name
		ADDED from scms\scm1\AndroidManifest.xml:10:22-66
uses-permission#android.permission.READ_PHONE_STATE
ADDED from scms\scm1\AndroidManifest.xml:11:5-75
	android:name
		ADDED from scms\scm1\AndroidManifest.xml:11:22-72
uses-permission#android.permission.WRITE_SETTINGS
ADDED from scms\scm1\AndroidManifest.xml:12:5-73
	android:name
		ADDED from scms\scm1\AndroidManifest.xml:12:22-70
application
ADDED from scms\scm1\AndroidManifest.xml:14:5-34:19
MERGED from [com.android.support:appcompat-v7:25.1.0] AndroidManifest.xml:25:5-20
MERGED from [com.android.support:animated-vector-drawable:25.1.0] AndroidManifest.xml:22:5-20
MERGED from [com.android.support:support-vector-drawable:25.1.0] AndroidManifest.xml:23:5-20
MERGED from [com.android.support:support-v4:25.1.0] AndroidManifest.xml:25:5-20
MERGED from [com.android.support:support-fragment:25.1.0] AndroidManifest.xml:25:5-20
MERGED from [com.android.support:support-media-compat:25.1.0] AndroidManifest.xml:25:5-20
MERGED from [com.android.support:support-core-ui:25.1.0] AndroidManifest.xml:25:5-20
MERGED from [com.android.support:support-core-utils:25.1.0] AndroidManifest.xml:25:5-20
MERGED from [com.android.support:support-compat:25.1.0] AndroidManifest.xml:25:5-20
	android:label
		ADDED from scms\scm1\AndroidManifest.xml:17:9-41
	android:allowBackup
		ADDED from scms\scm1\AndroidManifest.xml:15:9-35
	android:icon
		ADDED from scms\scm1\AndroidManifest.xml:16:9-45
	android:theme
		ADDED from scms\scm1\AndroidManifest.xml:18:9-53
activity#net.media.silk.Splash
ADDED from scms\scm1\AndroidManifest.xml:19:9-27:20
	android:noHistory
		ADDED from scms\scm1\AndroidManifest.xml:21:13-37
	android:name
		ADDED from scms\scm1\AndroidManifest.xml:20:13-35
intent-filter#android.intent.action.MAIN+android.intent.category.LAUNCHER
ADDED from scms\scm1\AndroidManifest.xml:22:13-26:29
action#android.intent.action.MAIN
ADDED from scms\scm1\AndroidManifest.xml:23:17-69
	android:name
		ADDED from scms\scm1\AndroidManifest.xml:23:25-66
category#android.intent.category.LAUNCHER
ADDED from scms\scm1\AndroidManifest.xml:25:17-77
	android:name
		ADDED from scms\scm1\AndroidManifest.xml:25:27-74
activity#net.media.silk.Signup
ADDED from scms\scm1\AndroidManifest.xml:28:9-29:20
	android:name
		ADDED from scms\scm1\AndroidManifest.xml:28:19-41
activity#net.media.silk.Login
ADDED from scms\scm1\AndroidManifest.xml:30:9-31:20
	android:name
		ADDED from scms\scm1\AndroidManifest.xml:30:19-40
activity#net.media.silk.Home
ADDED from scms\scm1\AndroidManifest.xml:32:9-33:20
	android:name
		ADDED from scms\scm1\AndroidManifest.xml:32:19-39